[debug] [2025-06-13T11:42:26.176Z] ----------------------------------------------------------------------
[debug] [2025-06-13T11:42:26.177Z] Command:       /Users/mauriciosobarzo/.nvm/versions/node/v18.20.7/bin/node /Users/mauriciosobarzo/.nvm/versions/node/v18.20.7/bin/firebase deploy --only functions
[debug] [2025-06-13T11:42:26.177Z] CLI Version:   13.35.1
[debug] [2025-06-13T11:42:26.177Z] Platform:      darwin
[debug] [2025-06-13T11:42:26.177Z] Node Version:  v18.20.7
[debug] [2025-06-13T11:42:26.180Z] Time:          Fri Jun 13 2025 13:42:26 GMT+0200 (Central European Summer Time)
[debug] [2025-06-13T11:42:26.180Z] ----------------------------------------------------------------------
[debug] 
[debug] [2025-06-13T11:42:26.181Z] >>> [apiv2][query] GET https://firebase-public.firebaseio.com/cli.json [none]
[debug] [2025-06-13T11:42:26.301Z] Field "/functions" in "firebase.json" is possibly invalid: must be object
[debug] [2025-06-13T11:42:26.301Z] Object "/functions/0" in "firebase.json" has unknown property: {"additionalProperty":"entryPoint"}
[debug] [2025-06-13T11:42:26.301Z] Field "/functions" in "firebase.json" is possibly invalid: must match a schema in anyOf
[debug] [2025-06-13T11:42:26.305Z] > command requires scopes: ["email","openid","https://www.googleapis.com/auth/cloudplatformprojects.readonly","https://www.googleapis.com/auth/firebase","https://www.googleapis.com/auth/cloud-platform"]
[debug] [2025-06-13T11:42:26.519Z] Running auto auth
[debug] [2025-06-13T11:42:26.519Z] [iam] checking project aiduxcare-mvp-prod for permissions ["cloudfunctions.functions.create","cloudfunctions.functions.delete","cloudfunctions.functions.get","cloudfunctions.functions.list","cloudfunctions.functions.update","cloudfunctions.operations.get","firebase.projects.get"]
[debug] [2025-06-13T11:42:26.520Z] No OAuth tokens found
[debug] [2025-06-13T11:42:26.520Z] >>> [apiv2][query] POST https://cloudresourcemanager.googleapis.com/v1/projects/aiduxcare-mvp-prod:testIamPermissions [none]
[debug] [2025-06-13T11:42:26.520Z] >>> [apiv2][(partial)header] POST https://cloudresourcemanager.googleapis.com/v1/projects/aiduxcare-mvp-prod:testIamPermissions x-goog-quota-user=projects/aiduxcare-mvp-prod
[debug] [2025-06-13T11:42:26.520Z] >>> [apiv2][body] POST https://cloudresourcemanager.googleapis.com/v1/projects/aiduxcare-mvp-prod:testIamPermissions {"permissions":["cloudfunctions.functions.create","cloudfunctions.functions.delete","cloudfunctions.functions.get","cloudfunctions.functions.list","cloudfunctions.functions.update","cloudfunctions.operations.get","firebase.projects.get"]}
[debug] [2025-06-13T11:42:26.624Z] <<< [apiv2][status] GET https://firebase-public.firebaseio.com/cli.json 200
[debug] [2025-06-13T11:42:26.624Z] <<< [apiv2][body] GET https://firebase-public.firebaseio.com/cli.json {"cloudBuildErrorAfter":1594252800000,"cloudBuildWarnAfter":1590019200000,"defaultNode10After":1594252800000,"minVersion":"3.0.5","node8DeploysDisabledAfter":1613390400000,"node8RuntimeDisabledAfter":1615809600000,"node8WarnAfter":1600128000000}
[debug] [2025-06-13T11:42:27.270Z] <<< [apiv2][status] POST https://cloudresourcemanager.googleapis.com/v1/projects/aiduxcare-mvp-prod:testIamPermissions 200
[debug] [2025-06-13T11:42:27.270Z] <<< [apiv2][body] POST https://cloudresourcemanager.googleapis.com/v1/projects/aiduxcare-mvp-prod:testIamPermissions {"permissions":["cloudfunctions.functions.create","cloudfunctions.functions.delete","cloudfunctions.functions.get","cloudfunctions.functions.list","cloudfunctions.functions.update","cloudfunctions.operations.get","firebase.projects.get"]}
[debug] [2025-06-13T11:42:27.270Z] No OAuth tokens found
[debug] [2025-06-13T11:42:27.271Z] >>> [apiv2][query] POST https://iam.googleapis.com/v1/projects/aiduxcare-mvp-prod/serviceAccounts/aiduxcare-mvp-prod@appspot.gserviceaccount.com:testIamPermissions [none]
[debug] [2025-06-13T11:42:27.271Z] >>> [apiv2][body] POST https://iam.googleapis.com/v1/projects/aiduxcare-mvp-prod/serviceAccounts/aiduxcare-mvp-prod@appspot.gserviceaccount.com:testIamPermissions {"permissions":["iam.serviceAccounts.actAs"]}
[debug] [2025-06-13T11:42:28.034Z] <<< [apiv2][status] POST https://iam.googleapis.com/v1/projects/aiduxcare-mvp-prod/serviceAccounts/aiduxcare-mvp-prod@appspot.gserviceaccount.com:testIamPermissions 200
[debug] [2025-06-13T11:42:28.035Z] <<< [apiv2][body] POST https://iam.googleapis.com/v1/projects/aiduxcare-mvp-prod/serviceAccounts/aiduxcare-mvp-prod@appspot.gserviceaccount.com:testIamPermissions {"permissions":["iam.serviceAccounts.actAs"]}
[info] 
[info] === Deploying to 'aiduxcare-mvp-prod'...
[info] 
[info] i  deploying functions 
[info] Running command: npm --prefix "$RESOURCE_DIR" run lint
[info] Running command: npm --prefix "$RESOURCE_DIR" run build
[info] ✔  functions: Finished running predeploy script. 
[debug] [2025-06-13T11:42:29.879Z] No OAuth tokens found
[debug] [2025-06-13T11:42:29.880Z] >>> [apiv2][query] GET https://cloudresourcemanager.googleapis.com/v1/projects/aiduxcare-mvp-prod [none]
[debug] [2025-06-13T11:42:30.651Z] <<< [apiv2][status] GET https://cloudresourcemanager.googleapis.com/v1/projects/aiduxcare-mvp-prod 200
[debug] [2025-06-13T11:42:30.651Z] <<< [apiv2][body] GET https://cloudresourcemanager.googleapis.com/v1/projects/aiduxcare-mvp-prod {"projectNumber":"53031427369","projectId":"aiduxcare-mvp-prod","lifecycleState":"ACTIVE","name":"aiduxcare-mvp-prod","labels":{"firebase":"enabled","firebase-core":"disabled"},"createTime":"2025-06-09T19:48:49.042473Z"}
[info] i  functions: preparing codebase default for deployment 
[info] i  functions: ensuring required API cloudfunctions.googleapis.com is enabled... 
[debug] [2025-06-13T11:42:30.653Z] No OAuth tokens found
[debug] [2025-06-13T11:42:30.653Z] No OAuth tokens found
[info] i  functions: ensuring required API cloudbuild.googleapis.com is enabled... 
[debug] [2025-06-13T11:42:30.654Z] No OAuth tokens found
[info] i  artifactregistry: ensuring required API artifactregistry.googleapis.com is enabled... 
[debug] [2025-06-13T11:42:30.654Z] No OAuth tokens found
[debug] [2025-06-13T11:42:30.654Z] >>> [apiv2][query] GET https://serviceusage.googleapis.com/v1/projects/aiduxcare-mvp-prod/services/cloudfunctions.googleapis.com [none]
[debug] [2025-06-13T11:42:30.654Z] >>> [apiv2][(partial)header] GET https://serviceusage.googleapis.com/v1/projects/aiduxcare-mvp-prod/services/cloudfunctions.googleapis.com x-goog-quota-user=projects/aiduxcare-mvp-prod
[debug] [2025-06-13T11:42:30.656Z] >>> [apiv2][query] GET https://serviceusage.googleapis.com/v1/projects/aiduxcare-mvp-prod/services/runtimeconfig.googleapis.com [none]
[debug] [2025-06-13T11:42:30.656Z] >>> [apiv2][(partial)header] GET https://serviceusage.googleapis.com/v1/projects/aiduxcare-mvp-prod/services/runtimeconfig.googleapis.com x-goog-quota-user=projects/aiduxcare-mvp-prod
[debug] [2025-06-13T11:42:30.657Z] >>> [apiv2][query] GET https://serviceusage.googleapis.com/v1/projects/aiduxcare-mvp-prod/services/cloudbuild.googleapis.com [none]
[debug] [2025-06-13T11:42:30.657Z] >>> [apiv2][(partial)header] GET https://serviceusage.googleapis.com/v1/projects/aiduxcare-mvp-prod/services/cloudbuild.googleapis.com x-goog-quota-user=projects/aiduxcare-mvp-prod
[debug] [2025-06-13T11:42:30.658Z] >>> [apiv2][query] GET https://serviceusage.googleapis.com/v1/projects/aiduxcare-mvp-prod/services/artifactregistry.googleapis.com [none]
[debug] [2025-06-13T11:42:30.658Z] >>> [apiv2][(partial)header] GET https://serviceusage.googleapis.com/v1/projects/aiduxcare-mvp-prod/services/artifactregistry.googleapis.com x-goog-quota-user=projects/aiduxcare-mvp-prod
[debug] [2025-06-13T11:42:31.579Z] <<< [apiv2][status] GET https://serviceusage.googleapis.com/v1/projects/aiduxcare-mvp-prod/services/cloudbuild.googleapis.com 200
[debug] [2025-06-13T11:42:31.579Z] <<< [apiv2][body] GET https://serviceusage.googleapis.com/v1/projects/aiduxcare-mvp-prod/services/cloudbuild.googleapis.com [omitted]
[info] ✔  functions: required API cloudbuild.googleapis.com is enabled 
[debug] [2025-06-13T11:42:31.580Z] <<< [apiv2][status] GET https://serviceusage.googleapis.com/v1/projects/aiduxcare-mvp-prod/services/runtimeconfig.googleapis.com 200
[debug] [2025-06-13T11:42:31.580Z] <<< [apiv2][body] GET https://serviceusage.googleapis.com/v1/projects/aiduxcare-mvp-prod/services/runtimeconfig.googleapis.com [omitted]
[debug] [2025-06-13T11:42:31.582Z] <<< [apiv2][status] GET https://serviceusage.googleapis.com/v1/projects/aiduxcare-mvp-prod/services/cloudfunctions.googleapis.com 200
[debug] [2025-06-13T11:42:31.582Z] <<< [apiv2][body] GET https://serviceusage.googleapis.com/v1/projects/aiduxcare-mvp-prod/services/cloudfunctions.googleapis.com [omitted]
[info] ✔  functions: required API cloudfunctions.googleapis.com is enabled 
[debug] [2025-06-13T11:42:31.590Z] <<< [apiv2][status] GET https://serviceusage.googleapis.com/v1/projects/aiduxcare-mvp-prod/services/artifactregistry.googleapis.com 200
[debug] [2025-06-13T11:42:31.590Z] <<< [apiv2][body] GET https://serviceusage.googleapis.com/v1/projects/aiduxcare-mvp-prod/services/artifactregistry.googleapis.com [omitted]
[info] ✔  artifactregistry: required API artifactregistry.googleapis.com is enabled 
[debug] [2025-06-13T11:42:31.590Z] No OAuth tokens found
[debug] [2025-06-13T11:42:31.590Z] >>> [apiv2][query] GET https://firebase.googleapis.com/v1beta1/projects/aiduxcare-mvp-prod/adminSdkConfig [none]
[debug] [2025-06-13T11:42:31.933Z] <<< [apiv2][status] GET https://firebase.googleapis.com/v1beta1/projects/aiduxcare-mvp-prod/adminSdkConfig 200
[debug] [2025-06-13T11:42:31.933Z] <<< [apiv2][body] GET https://firebase.googleapis.com/v1beta1/projects/aiduxcare-mvp-prod/adminSdkConfig {"projectId":"aiduxcare-mvp-prod","storageBucket":"aiduxcare-mvp-prod.firebasestorage.app"}
[debug] [2025-06-13T11:42:31.934Z] No OAuth tokens found
[debug] [2025-06-13T11:42:31.934Z] >>> [apiv2][query] GET https://runtimeconfig.googleapis.com/v1beta1/projects/aiduxcare-mvp-prod/configs [none]
[debug] [2025-06-13T11:42:32.277Z] <<< [apiv2][status] GET https://runtimeconfig.googleapis.com/v1beta1/projects/aiduxcare-mvp-prod/configs 200
[debug] [2025-06-13T11:42:32.277Z] <<< [apiv2][body] GET https://runtimeconfig.googleapis.com/v1beta1/projects/aiduxcare-mvp-prod/configs {}
[debug] [2025-06-13T11:42:32.279Z] Validating nodejs source
[debug] [2025-06-13T11:42:32.907Z] > [functions] package.json contents: {
  "name": "functions",
  "version": "1.0.0",
  "description": "Cloud Functions for AiDuxCare",
  "main": "lib/index.js",
  "scripts": {
    "build": "tsc",
    "serve": "npm run build && firebase emulators:start --only functions",
    "shell": "npm run build && firebase functions:shell",
    "start": "npm run shell",
    "deploy": "firebase deploy --only functions",
    "logs": "firebase functions:log",
    "lint": "echo \"No linting\""
  },
  "engines": {
    "node": "20"
  },
  "dependencies": {
    "@types/express": "^5.0.3",
    "cors": "^2.8.5",
    "express": "^5.1.0",
    "firebase-admin": "^12.0.0",
    "firebase-functions": "^6.3.2"
  },
  "devDependencies": {
    "@types/node": "^20.11.24",
    "typescript": "^5.3.3"
  },
  "functions": {
    "source": ".",
    "runtime": "nodejs20",
    "entryPoint": "api"
  }
}
[debug] [2025-06-13T11:42:32.907Z] Building nodejs source
[info] i  functions: Loading and analyzing source code for codebase default to determine what to deploy 
[debug] [2025-06-13T11:42:32.908Z] Could not find functions.yaml. Must use http discovery
[debug] [2025-06-13T11:42:32.912Z] Found firebase-functions binary at '/Users/mauriciosobarzo/Desktop/AIDUXCARE-V.2/functions/node_modules/.bin/firebase-functions'
[info] Serving at port 8532

[debug] [2025-06-13T11:42:33.271Z] Got response from /__/functions.yaml {"endpoints":{"createPatient":{"availableMemoryMb":null,"timeoutSeconds":null,"minInstances":null,"maxInstances":null,"ingressSettings":null,"concurrency":null,"serviceAccountEmail":null,"vpc":null,"platform":"gcfv2","labels":{},"httpsTrigger":{},"entryPoint":"createPatient"}},"specVersion":"v1alpha1","requiredAPIs":[],"extensions":{}}
[info] i  extensions: ensuring required API firebaseextensions.googleapis.com is enabled... 
[debug] [2025-06-13T11:42:33.281Z] No OAuth tokens found
[debug] [2025-06-13T11:42:33.281Z] >>> [apiv2][query] GET https://serviceusage.googleapis.com/v1/projects/aiduxcare-mvp-prod/services/firebaseextensions.googleapis.com [none]
[debug] [2025-06-13T11:42:33.281Z] >>> [apiv2][(partial)header] GET https://serviceusage.googleapis.com/v1/projects/aiduxcare-mvp-prod/services/firebaseextensions.googleapis.com x-goog-quota-user=projects/aiduxcare-mvp-prod
[debug] [2025-06-13T11:42:34.167Z] <<< [apiv2][status] GET https://serviceusage.googleapis.com/v1/projects/aiduxcare-mvp-prod/services/firebaseextensions.googleapis.com 200
[debug] [2025-06-13T11:42:34.167Z] <<< [apiv2][body] GET https://serviceusage.googleapis.com/v1/projects/aiduxcare-mvp-prod/services/firebaseextensions.googleapis.com [omitted]
[info] ✔  extensions: required API firebaseextensions.googleapis.com is enabled 
[debug] [2025-06-13T11:42:34.168Z] > command requires scopes: ["email","openid","https://www.googleapis.com/auth/cloudplatformprojects.readonly","https://www.googleapis.com/auth/firebase","https://www.googleapis.com/auth/cloud-platform"]
[debug] [2025-06-13T11:42:34.168Z] Running auto auth
[debug] [2025-06-13T11:42:34.168Z] [iam] checking project aiduxcare-mvp-prod for permissions ["firebase.projects.get","firebaseextensions.instances.list"]
[debug] [2025-06-13T11:42:34.169Z] No OAuth tokens found
[debug] [2025-06-13T11:42:34.169Z] >>> [apiv2][query] POST https://cloudresourcemanager.googleapis.com/v1/projects/aiduxcare-mvp-prod:testIamPermissions [none]
[debug] [2025-06-13T11:42:34.169Z] >>> [apiv2][(partial)header] POST https://cloudresourcemanager.googleapis.com/v1/projects/aiduxcare-mvp-prod:testIamPermissions x-goog-quota-user=projects/aiduxcare-mvp-prod
[debug] [2025-06-13T11:42:34.169Z] >>> [apiv2][body] POST https://cloudresourcemanager.googleapis.com/v1/projects/aiduxcare-mvp-prod:testIamPermissions {"permissions":["firebase.projects.get","firebaseextensions.instances.list"]}
[debug] [2025-06-13T11:42:34.931Z] <<< [apiv2][status] POST https://cloudresourcemanager.googleapis.com/v1/projects/aiduxcare-mvp-prod:testIamPermissions 200
[debug] [2025-06-13T11:42:34.931Z] <<< [apiv2][body] POST https://cloudresourcemanager.googleapis.com/v1/projects/aiduxcare-mvp-prod:testIamPermissions {"permissions":["firebase.projects.get","firebaseextensions.instances.list"]}
[debug] [2025-06-13T11:42:34.933Z] No OAuth tokens found
[debug] [2025-06-13T11:42:34.934Z] >>> [apiv2][query] GET https://firebaseextensions.googleapis.com/v1beta/projects/aiduxcare-mvp-prod/instances pageSize=100&pageToken=
[debug] [2025-06-13T11:42:35.873Z] <<< [apiv2][status] GET https://firebaseextensions.googleapis.com/v1beta/projects/aiduxcare-mvp-prod/instances 200
[debug] [2025-06-13T11:42:35.873Z] <<< [apiv2][body] GET https://firebaseextensions.googleapis.com/v1beta/projects/aiduxcare-mvp-prod/instances {}
[info] i  functions: preparing functions directory for uploading... 
[info] i  functions: packaged /Users/mauriciosobarzo/Desktop/AIDUXCARE-V.2/functions (40.64 KB) for uploading 
[debug] [2025-06-13T11:42:35.914Z] No OAuth tokens found
[debug] [2025-06-13T11:42:35.914Z] >>> [apiv2][query] GET https://cloudfunctions.googleapis.com/v1/projects/aiduxcare-mvp-prod/locations/-/functions [none]
[debug] [2025-06-13T11:42:36.627Z] <<< [apiv2][status] GET https://cloudfunctions.googleapis.com/v1/projects/aiduxcare-mvp-prod/locations/-/functions 200
[debug] [2025-06-13T11:42:36.628Z] <<< [apiv2][body] GET https://cloudfunctions.googleapis.com/v1/projects/aiduxcare-mvp-prod/locations/-/functions {}
[debug] [2025-06-13T11:42:36.629Z] No OAuth tokens found
[debug] [2025-06-13T11:42:36.629Z] >>> [apiv2][query] GET https://cloudfunctions.googleapis.com/v2/projects/aiduxcare-mvp-prod/locations/-/functions filter=environment%3D%22GEN_2%22
[debug] [2025-06-13T11:42:37.818Z] <<< [apiv2][status] GET https://cloudfunctions.googleapis.com/v2/projects/aiduxcare-mvp-prod/locations/-/functions 200
[debug] [2025-06-13T11:42:37.818Z] <<< [apiv2][body] GET https://cloudfunctions.googleapis.com/v2/projects/aiduxcare-mvp-prod/locations/-/functions {"functions":[{"name":"projects/aiduxcare-mvp-prod/locations/us-central1/functions/api","buildConfig":{"build":"projects/53031427369/locations/us-central1/builds/b8c07840-b28a-4673-90fe-c2e524e4b0db","runtime":"nodejs20","entryPoint":"api","source":{"storageSource":{"bucket":"gcf-v2-sources-53031427369-us-central1","object":"api/function-source.zip","generation":"1749589509388889"}},"environmentVariables":{"GOOGLE_NODE_RUN_SCRIPTS":""},"dockerRepository":"projects/aiduxcare-mvp-prod/locations/us-central1/repositories/gcf-artifacts","sourceProvenance":{"resolvedStorageSource":{"bucket":"gcf-v2-sources-53031427369-us-central1","object":"api/function-source.zip","generation":"1749589509388889"}},"dockerRegistry":"ARTIFACT_REGISTRY","serviceAccount":"projects/aiduxcare-mvp-prod/serviceAccounts/53031427369-compute@developer.gserviceaccount.com","automaticUpdatePolicy":{}},"serviceConfig":{"service":"projects/aiduxcare-mvp-prod/locations/us-central1/services/api","timeoutSeconds":60,"environmentVariables":{"FIREBASE_CONFIG":"{\"projectId\":\"aiduxcare-mvp-prod\",\"storageBucket\":\"aiduxcare-mvp-prod.firebasestorage.app\"}","GCLOUD_PROJECT":"aiduxcare-mvp-prod","EVENTARC_CLOUD_EVENT_SOURCE":"projects/aiduxcare-mvp-prod/locations/us-central1/services/api","FUNCTION_TARGET":"api","LOG_EXECUTION_ID":"true"},"maxInstanceCount":40,"ingressSettings":"ALLOW_ALL","uri":"https://api-zalv4ryzjq-uc.a.run.app","serviceAccountEmail":"53031427369-compute@developer.gserviceaccount.com","availableMemory":"256Mi","allTrafficOnLatestRevision":true,"revision":"api-00001-nef","maxInstanceRequestConcurrency":80,"availableCpu":"1"},"state":"ACTIVE","updateTime":"2025-06-10T21:06:11.280814035Z","labels":{"deployment-tool":"cli-firebase","firebase-functions-hash":"2a53a4b6e1260e56a57d1b88fe3beaf2a8d4b1f8"},"environment":"GEN_2","url":"https://us-central1-aiduxcare-mvp-prod.cloudfunctions.net/api","createTime":"2025-06-10T21:05:09.619389419Z","satisfiesPzi":true}]}
[info] i  functions: ensuring required API run.googleapis.com is enabled... 
[debug] [2025-06-13T11:42:37.822Z] No OAuth tokens found
[info] i  functions: ensuring required API eventarc.googleapis.com is enabled... 
[debug] [2025-06-13T11:42:37.822Z] No OAuth tokens found
[info] i  functions: ensuring required API pubsub.googleapis.com is enabled... 
[debug] [2025-06-13T11:42:37.822Z] No OAuth tokens found
[info] i  functions: ensuring required API storage.googleapis.com is enabled... 
[debug] [2025-06-13T11:42:37.823Z] No OAuth tokens found
[debug] [2025-06-13T11:42:37.823Z] >>> [apiv2][query] GET https://serviceusage.googleapis.com/v1/projects/aiduxcare-mvp-prod/services/run.googleapis.com [none]
[debug] [2025-06-13T11:42:37.823Z] >>> [apiv2][(partial)header] GET https://serviceusage.googleapis.com/v1/projects/aiduxcare-mvp-prod/services/run.googleapis.com x-goog-quota-user=projects/aiduxcare-mvp-prod
[debug] [2025-06-13T11:42:37.825Z] >>> [apiv2][query] GET https://serviceusage.googleapis.com/v1/projects/aiduxcare-mvp-prod/services/eventarc.googleapis.com [none]
[debug] [2025-06-13T11:42:37.825Z] >>> [apiv2][(partial)header] GET https://serviceusage.googleapis.com/v1/projects/aiduxcare-mvp-prod/services/eventarc.googleapis.com x-goog-quota-user=projects/aiduxcare-mvp-prod
[debug] [2025-06-13T11:42:37.827Z] >>> [apiv2][query] GET https://serviceusage.googleapis.com/v1/projects/aiduxcare-mvp-prod/services/pubsub.googleapis.com [none]
[debug] [2025-06-13T11:42:37.827Z] >>> [apiv2][(partial)header] GET https://serviceusage.googleapis.com/v1/projects/aiduxcare-mvp-prod/services/pubsub.googleapis.com x-goog-quota-user=projects/aiduxcare-mvp-prod
[debug] [2025-06-13T11:42:37.828Z] >>> [apiv2][query] GET https://serviceusage.googleapis.com/v1/projects/aiduxcare-mvp-prod/services/storage.googleapis.com [none]
[debug] [2025-06-13T11:42:37.829Z] >>> [apiv2][(partial)header] GET https://serviceusage.googleapis.com/v1/projects/aiduxcare-mvp-prod/services/storage.googleapis.com x-goog-quota-user=projects/aiduxcare-mvp-prod
[debug] [2025-06-13T11:42:38.746Z] <<< [apiv2][status] GET https://serviceusage.googleapis.com/v1/projects/aiduxcare-mvp-prod/services/pubsub.googleapis.com 200
[debug] [2025-06-13T11:42:38.746Z] <<< [apiv2][body] GET https://serviceusage.googleapis.com/v1/projects/aiduxcare-mvp-prod/services/pubsub.googleapis.com [omitted]
[info] ✔  functions: required API pubsub.googleapis.com is enabled 
[debug] [2025-06-13T11:42:38.747Z] <<< [apiv2][status] GET https://serviceusage.googleapis.com/v1/projects/aiduxcare-mvp-prod/services/eventarc.googleapis.com 200
[debug] [2025-06-13T11:42:38.747Z] <<< [apiv2][body] GET https://serviceusage.googleapis.com/v1/projects/aiduxcare-mvp-prod/services/eventarc.googleapis.com [omitted]
[info] ✔  functions: required API eventarc.googleapis.com is enabled 
[debug] [2025-06-13T11:42:38.748Z] <<< [apiv2][status] GET https://serviceusage.googleapis.com/v1/projects/aiduxcare-mvp-prod/services/run.googleapis.com 200
[debug] [2025-06-13T11:42:38.748Z] <<< [apiv2][body] GET https://serviceusage.googleapis.com/v1/projects/aiduxcare-mvp-prod/services/run.googleapis.com [omitted]
[info] ✔  functions: required API run.googleapis.com is enabled 
[debug] [2025-06-13T11:42:38.789Z] <<< [apiv2][status] GET https://serviceusage.googleapis.com/v1/projects/aiduxcare-mvp-prod/services/storage.googleapis.com 200
[debug] [2025-06-13T11:42:38.789Z] <<< [apiv2][body] GET https://serviceusage.googleapis.com/v1/projects/aiduxcare-mvp-prod/services/storage.googleapis.com [omitted]
[info] ✔  functions: required API storage.googleapis.com is enabled 
[info] i  functions: generating the service identity for pubsub.googleapis.com... 
[debug] [2025-06-13T11:42:38.790Z] No OAuth tokens found
[info] i  functions: generating the service identity for eventarc.googleapis.com... 
[debug] [2025-06-13T11:42:38.790Z] No OAuth tokens found
[debug] [2025-06-13T11:42:38.790Z] >>> [apiv2][query] POST https://serviceusage.googleapis.com/v1beta1/projects/53031427369/services/pubsub.googleapis.com:generateServiceIdentity [none]
[debug] [2025-06-13T11:42:38.792Z] >>> [apiv2][query] POST https://serviceusage.googleapis.com/v1beta1/projects/53031427369/services/eventarc.googleapis.com:generateServiceIdentity [none]
[debug] [2025-06-13T11:42:39.766Z] <<< [apiv2][status] POST https://serviceusage.googleapis.com/v1beta1/projects/53031427369/services/eventarc.googleapis.com:generateServiceIdentity 200
[debug] [2025-06-13T11:42:39.767Z] <<< [apiv2][body] POST https://serviceusage.googleapis.com/v1beta1/projects/53031427369/services/eventarc.googleapis.com:generateServiceIdentity {"name":"operations/finished.DONE_OPERATION","done":true,"response":{"@type":"type.googleapis.com/google.api.serviceusage.v1beta1.ServiceIdentity","email":"service-53031427369@gcp-sa-eventarc.iam.gserviceaccount.com","uniqueId":"114312864102118192640"}}
[debug] [2025-06-13T11:42:39.767Z] <<< [apiv2][status] POST https://serviceusage.googleapis.com/v1beta1/projects/53031427369/services/pubsub.googleapis.com:generateServiceIdentity 200
[debug] [2025-06-13T11:42:39.767Z] <<< [apiv2][body] POST https://serviceusage.googleapis.com/v1beta1/projects/53031427369/services/pubsub.googleapis.com:generateServiceIdentity {"name":"operations/finished.DONE_OPERATION","done":true,"response":{"@type":"type.googleapis.com/google.api.serviceusage.v1beta1.ServiceIdentity","email":"service-53031427369@gcp-sa-pubsub.iam.gserviceaccount.com","uniqueId":"112055110728963836092"}}
[debug] [2025-06-13T11:42:39.770Z] No OAuth tokens found
[debug] [2025-06-13T11:42:39.770Z] >>> [apiv2][query] GET https://cloudresourcemanager.googleapis.com/v1/projects/aiduxcare-mvp-prod [none]
[debug] [2025-06-13T11:42:40.588Z] <<< [apiv2][status] GET https://cloudresourcemanager.googleapis.com/v1/projects/aiduxcare-mvp-prod 200
[debug] [2025-06-13T11:42:40.588Z] <<< [apiv2][body] GET https://cloudresourcemanager.googleapis.com/v1/projects/aiduxcare-mvp-prod {"projectNumber":"53031427369","projectId":"aiduxcare-mvp-prod","lifecycleState":"ACTIVE","name":"aiduxcare-mvp-prod","labels":{"firebase":"enabled","firebase-core":"disabled"},"createTime":"2025-06-09T19:48:49.042473Z"}
[debug] [2025-06-13T11:42:40.590Z] No OAuth tokens found
[debug] [2025-06-13T11:42:40.590Z] >>> [apiv2][query] GET https://cloudbilling.googleapis.com/v1/projects/aiduxcare-mvp-prod/billingInfo [none]
[debug] [2025-06-13T11:42:41.096Z] <<< [apiv2][status] GET https://cloudbilling.googleapis.com/v1/projects/aiduxcare-mvp-prod/billingInfo 200
[debug] [2025-06-13T11:42:41.096Z] <<< [apiv2][body] GET https://cloudbilling.googleapis.com/v1/projects/aiduxcare-mvp-prod/billingInfo {"name":"projects/aiduxcare-mvp-prod/billingInfo","projectId":"aiduxcare-mvp-prod","billingAccountName":"billingAccounts/01FA22-93D263-74E81B","billingEnabled":true}
[debug] [2025-06-13T11:42:41.097Z] [functions] found 1 new HTTP functions, testing setIamPolicy permission...
[debug] [2025-06-13T11:42:41.097Z] No OAuth tokens found
[debug] [2025-06-13T11:42:41.097Z] >>> [apiv2][query] POST https://cloudresourcemanager.googleapis.com/v1/projects/aiduxcare-mvp-prod:testIamPermissions [none]
[debug] [2025-06-13T11:42:41.098Z] >>> [apiv2][(partial)header] POST https://cloudresourcemanager.googleapis.com/v1/projects/aiduxcare-mvp-prod:testIamPermissions x-goog-quota-user=projects/aiduxcare-mvp-prod
[debug] [2025-06-13T11:42:41.098Z] >>> [apiv2][body] POST https://cloudresourcemanager.googleapis.com/v1/projects/aiduxcare-mvp-prod:testIamPermissions {"permissions":["cloudfunctions.functions.setIamPolicy"]}
[debug] [2025-06-13T11:42:41.780Z] <<< [apiv2][status] POST https://cloudresourcemanager.googleapis.com/v1/projects/aiduxcare-mvp-prod:testIamPermissions 200
[debug] [2025-06-13T11:42:41.780Z] <<< [apiv2][body] POST https://cloudresourcemanager.googleapis.com/v1/projects/aiduxcare-mvp-prod:testIamPermissions {"permissions":["cloudfunctions.functions.setIamPolicy"]}
[debug] [2025-06-13T11:42:41.780Z] [functions] found setIamPolicy permission, proceeding with deploy
[debug] [2025-06-13T11:42:41.782Z] No OAuth tokens found
[debug] [2025-06-13T11:42:41.782Z] >>> [apiv2][query] POST https://cloudfunctions.googleapis.com/v2/projects/aiduxcare-mvp-prod/locations/us-central1/functions:generateUploadUrl [none]
[debug] [2025-06-13T11:42:42.732Z] <<< [apiv2][status] POST https://cloudfunctions.googleapis.com/v2/projects/aiduxcare-mvp-prod/locations/us-central1/functions:generateUploadUrl 200
[debug] [2025-06-13T11:42:42.733Z] <<< [apiv2][body] POST https://cloudfunctions.googleapis.com/v2/projects/aiduxcare-mvp-prod/locations/us-central1/functions:generateUploadUrl {"uploadUrl":"https://storage.googleapis.com/gcf-v2-uploads-53031427369.us-central1.cloudfunctions.appspot.com/df580734-b9af-4e96-8007-dfb893f2b950.zip?GoogleAccessId=service-53031427369@gcf-admin-robot.iam.gserviceaccount.com&Expires=1749816762&Signature=hAI%2Bh8V85Ow%2BuUxvPzPquZLc8XIozd1NESpJoFajtxol2dGaB3yq32IH7nOf%2BqpDADboOKMkUZ4zj93vscV6Mwd%2FOlTsaw1tTzd4XQy%2FZ7MauHf07rBfUtQ5QI0NpQr0YTibS87ODhD%2FfpmOTBKR%2FnCJBYZWz5r3VeWYsEKPaOuXNb128LvHrdyWcPxbTsKVAQpJSBJ0TtCM9w9wH6Gl5NlBHzHI7dosVVDwC%2BF9gKdE1UCERfT5KVbHSnRMY%2BbbQCi2Rqe98%2Fm0%2BeoXL4s1tabOzLi5%2B2NSnCrIhtXBKb2V5rlMtxaQM8yOYuWoJjqJSwCW2OSzHarLqrRZGFhl4A%3D%3D","storageSource":{"bucket":"gcf-v2-uploads-53031427369.us-central1.cloudfunctions.appspot.com","object":"df580734-b9af-4e96-8007-dfb893f2b950.zip"}}
[debug] [2025-06-13T11:42:42.734Z] >>> [apiv2][query] PUT https://storage.googleapis.com/gcf-v2-uploads-53031427369.us-central1.cloudfunctions.appspot.com/df580734-b9af-4e96-8007-dfb893f2b950.zip GoogleAccessId=service-53031427369%40gcf-admin-robot.iam.gserviceaccount.com&Expires=1749816762&Signature=hAI%2Bh8V85Ow%2BuUxvPzPquZLc8XIozd1NESpJoFajtxol2dGaB3yq32IH7nOf%2BqpDADboOKMkUZ4zj93vscV6Mwd%2FOlTsaw1tTzd4XQy%2FZ7MauHf07rBfUtQ5QI0NpQr0YTibS87ODhD%2FfpmOTBKR%2FnCJBYZWz5r3VeWYsEKPaOuXNb128LvHrdyWcPxbTsKVAQpJSBJ0TtCM9w9wH6Gl5NlBHzHI7dosVVDwC%2BF9gKdE1UCERfT5KVbHSnRMY%2BbbQCi2Rqe98%2Fm0%2BeoXL4s1tabOzLi5%2B2NSnCrIhtXBKb2V5rlMtxaQM8yOYuWoJjqJSwCW2OSzHarLqrRZGFhl4A%3D%3D
[debug] [2025-06-13T11:42:42.734Z] >>> [apiv2][body] PUT https://storage.googleapis.com/gcf-v2-uploads-53031427369.us-central1.cloudfunctions.appspot.com/df580734-b9af-4e96-8007-dfb893f2b950.zip [stream]
[debug] [2025-06-13T11:42:43.346Z] <<< [apiv2][status] PUT https://storage.googleapis.com/gcf-v2-uploads-53031427369.us-central1.cloudfunctions.appspot.com/df580734-b9af-4e96-8007-dfb893f2b950.zip 200
[debug] [2025-06-13T11:42:43.346Z] <<< [apiv2][body] PUT https://storage.googleapis.com/gcf-v2-uploads-53031427369.us-central1.cloudfunctions.appspot.com/df580734-b9af-4e96-8007-dfb893f2b950.zip [omitted]
[info] ✔  functions: functions folder uploaded successfully 
[info] 
The following functions are found in your project but do not exist in your local source code:
	api(us-central1)

If you are renaming a function or changing its region, it is recommended that you create the new function first before deleting the old one to prevent event loss. For more info, visit https://firebase.google.com/docs/functions/manage-functions#modify

