[debug] [2025-07-16T06:54:28.966Z] ----------------------------------------------------------------------
[debug] [2025-07-16T06:54:28.967Z] Command:       /opt/homebrew/Cellar/node@20/20.19.3/bin/node /opt/homebrew/bin/firebase emulators:start --only firestore --project test-project
[debug] [2025-07-16T06:54:28.967Z] CLI Version:   14.10.1
[debug] [2025-07-16T06:54:28.967Z] Platform:      darwin
[debug] [2025-07-16T06:54:28.968Z] Node Version:  v20.19.3
[debug] [2025-07-16T06:54:28.968Z] Time:          Wed Jul 16 2025 08:54:28 GMT+0200 (Central European Summer Time)
[debug] [2025-07-16T06:54:28.968Z] ----------------------------------------------------------------------
[debug] 
[debug] [2025-07-16T06:54:29.109Z] > command requires scopes: ["email","openid","https://www.googleapis.com/auth/cloudplatformprojects.readonly","https://www.googleapis.com/auth/firebase","https://www.googleapis.com/auth/cloud-platform"]
[debug] [2025-07-16T06:54:29.110Z] > authorizing via signed-in user (maurosg.2023@gmail.com)
[debug] [2025-07-16T06:54:29.199Z] openjdk version "24.0.1" 2025-04-15
OpenJDK Runtime Environment Homebrew (build 24.0.1)
OpenJDK 64-Bit Server VM Homebrew (build 24.0.1, mixed mode, sharing)

[debug] [2025-07-16T06:54:29.203Z] Parsed Java major version: 24
[info] i  emulators: Starting emulators: firestore {"metadata":{"emulator":{"name":"hub"},"message":"Starting emulators: firestore"}}
[debug] [2025-07-16T06:54:29.396Z] [logging] Logging Emulator only supports listening on one address (127.0.0.1). Not listening on ::1
[debug] [2025-07-16T06:54:29.396Z] [firestore] Firestore Emulator only supports listening on one address (127.0.0.1). Not listening on ::1
[debug] [2025-07-16T06:54:29.396Z] [firestore.websocket] websocket server for firestore only supports listening on one address (127.0.0.1). Not listening on ::1
[debug] [2025-07-16T06:54:29.397Z] assigned listening specs for emulators {"user":{"hub":[{"address":"127.0.0.1","family":"IPv4","port":4400},{"address":"::1","family":"IPv6","port":4400}],"ui":[{"address":"127.0.0.1","family":"IPv4","port":4000},{"address":"::1","family":"IPv6","port":4000}],"logging":[{"address":"127.0.0.1","family":"IPv4","port":4500}],"firestore":[{"address":"127.0.0.1","family":"IPv4","port":8080}],"firestore.websocket":[{"address":"127.0.0.1","family":"IPv4","port":9150}]},"metadata":{"message":"assigned listening specs for emulators"}}
[debug] [2025-07-16T06:54:29.399Z] [hub] writing locator at /var/folders/wc/vjgs50_16mvfxbdqk7hgdm9w0000gn/T/hub-test-project.json
[warn] ⚠  firestore: Cloud Firestore Emulator does not support multiple databases yet. {"metadata":{"emulator":{"name":"firestore"},"message":"Cloud Firestore Emulator does not support multiple databases yet."}}
[warn] ⚠  firestore: Did not find a Cloud Firestore rules file specified in a firebase.json config file. {"metadata":{"emulator":{"name":"firestore"},"message":"Did not find a Cloud Firestore rules file specified in a firebase.json config file."}}
[warn] ⚠  firestore: The emulator will default to allowing all reads and writes. Learn more about this option: https://firebase.google.com/docs/emulator-suite/install_and_configure#security_rules_configuration. {"metadata":{"emulator":{"name":"firestore"},"message":"The emulator will default to allowing all reads and writes. Learn more about this option: https://firebase.google.com/docs/emulator-suite/install_and_configure#security_rules_configuration."}}
[debug] [2025-07-16T06:54:29.404Z] Ignoring unsupported arg: auto_download {"metadata":{"emulator":{"name":"firestore"},"message":"Ignoring unsupported arg: auto_download"}}
[debug] [2025-07-16T06:54:29.404Z] Ignoring unsupported arg: single_project_mode_error {"metadata":{"emulator":{"name":"firestore"},"message":"Ignoring unsupported arg: single_project_mode_error"}}
[debug] [2025-07-16T06:54:29.404Z] Starting Firestore Emulator with command {"binary":"java","args":["-Dgoogle.cloud_firestore.debug_log_level=FINE","-Duser.language=en","-jar","/Users/mauriciosobarzo/.cache/firebase/emulators/cloud-firestore-emulator-v1.19.8.jar","--host","127.0.0.1","--port",8080,"--websocket_port",9150,"--project_id","test-project","--single_project_mode",true],"optionalArgs":["port","webchannel_port","host","rules","websocket_port","functions_emulator","seed_from_export","project_id","single_project_mode"],"joinArgs":false,"shell":false,"port":8080} {"metadata":{"emulator":{"name":"firestore"},"message":"Starting Firestore Emulator with command {\"binary\":\"java\",\"args\":[\"-Dgoogle.cloud_firestore.debug_log_level=FINE\",\"-Duser.language=en\",\"-jar\",\"/Users/mauriciosobarzo/.cache/firebase/emulators/cloud-firestore-emulator-v1.19.8.jar\",\"--host\",\"127.0.0.1\",\"--port\",8080,\"--websocket_port\",9150,\"--project_id\",\"test-project\",\"--single_project_mode\",true],\"optionalArgs\":[\"port\",\"webchannel_port\",\"host\",\"rules\",\"websocket_port\",\"functions_emulator\",\"seed_from_export\",\"project_id\",\"single_project_mode\"],\"joinArgs\":false,\"shell\":false,\"port\":8080}"}}
[info] i  firestore: Firestore Emulator logging to firestore-debug.log {"metadata":{"emulator":{"name":"firestore"},"message":"Firestore Emulator logging to \u001b[1mfirestore-debug.log\u001b[22m"}}
[debug] [2025-07-16T06:54:29.618Z] WARNING: A terminally deprecated method in sun.misc.Unsafe has been called
WARNING: sun.misc.Unsafe::objectFieldOffset has been called by io.netty.util.internal.PlatformDependent0$4 (file:/Users/mauriciosobarzo/.cache/firebase/emulators/cloud-firestore-emulator-v1.19.8.jar)
WARNING: Please consider reporting this to the maintainers of class io.netty.util.internal.PlatformDependent0$4
WARNING: sun.misc.Unsafe::objectFieldOffset will be removed in a future release
 {"metadata":{"emulator":{"name":"firestore"},"message":"WARNING: A terminally deprecated method in sun.misc.Unsafe has been called\nWARNING: sun.misc.Unsafe::objectFieldOffset has been called by io.netty.util.internal.PlatformDependent0$4 (file:/Users/mauriciosobarzo/.cache/firebase/emulators/cloud-firestore-emulator-v1.19.8.jar)\nWARNING: Please consider reporting this to the maintainers of class io.netty.util.internal.PlatformDependent0$4\nWARNING: sun.misc.Unsafe::objectFieldOffset will be removed in a future release\n"}}
[debug] [2025-07-16T06:54:30.100Z] Jul 16, 2025 8:54:30 AM com.google.cloud.datastore.emulator.firestore.websocket.WebSocketServer start
INFO: Started WebSocket server on ws://127.0.0.1:9150
 {"metadata":{"emulator":{"name":"firestore"},"message":"Jul 16, 2025 8:54:30 AM com.google.cloud.datastore.emulator.firestore.websocket.WebSocketServer start\nINFO: Started WebSocket server on ws://127.0.0.1:9150\n"}}
[debug] [2025-07-16T06:54:30.115Z] API endpoint: http:// {"metadata":{"emulator":{"name":"firestore"},"message":"API endpoint: http://"}}
[debug] [2025-07-16T06:54:30.116Z] 127.0.0.1:8080
If you are using a library that supports the FIRESTORE_EMULATOR_HOST environment variable, run:

   export FIRESTORE_EMULATOR_HOST=127.0.0.1:8080

If you are running a Firestore in Datastore Mode project, run:

   export DATASTORE_EMULATOR_HOST=127.0.0.1:8080

Note: Support for Datastore Mode is in preview. If you encounter any bugs please file at https://github.com/firebase/firebase-tools/issues.
Dev App Server is now running.

 {"metadata":{"emulator":{"name":"firestore"},"message":"127.0.0.1:8080\nIf you are using a library that supports the FIRESTORE_EMULATOR_HOST environment variable, run:\n\n   export FIRESTORE_EMULATOR_HOST=127.0.0.1:8080\n\nIf you are running a Firestore in Datastore Mode project, run:\n\n   export DATASTORE_EMULATOR_HOST=127.0.0.1:8080\n\nNote: Support for Datastore Mode is in preview. If you encounter any bugs please file at https://github.com/firebase/firebase-tools/issues.\nDev App Server is now running.\n\n"}}
[info] ✔  firestore: Firestore Emulator UI websocket is running on 9150. {"metadata":{"emulator":{"name":"firestore"},"message":"Firestore Emulator UI websocket is running on 9150."}}
[info] i  ui: downloading ui-v1.15.0.zip... {"metadata":{"emulator":{"name":"ui"},"message":"downloading ui-v1.15.0.zip..."}}
[debug] [2025-07-16T06:54:30.218Z] >>> [apiv2][query] GET https://storage.googleapis.com/firebase-preview-drop/emulator/ui-v1.15.0.zip 
[debug] [2025-07-16T06:54:30.463Z] <<< [apiv2][status] GET https://storage.googleapis.com/firebase-preview-drop/emulator/ui-v1.15.0.zip 200
[debug] [2025-07-16T06:54:30.463Z] <<< [apiv2][body] GET https://storage.googleapis.com/firebase-preview-drop/emulator/ui-v1.15.0.zip [stream]
[debug] [2025-07-16T06:54:30.959Z] Data is 3538469
[debug] [2025-07-16T06:54:30.960Z] [unzip] Entry: client/ (compressed_size=0 bytes, uncompressed_size=0 bytes)
[debug] [2025-07-16T06:54:30.960Z] [unzip] Processing entry: client/
[debug] [2025-07-16T06:54:30.960Z] [unzip] mkdir: /Users/mauriciosobarzo/.cache/firebase/emulators/ui-v1.15.0/client/
[debug] [2025-07-16T06:54:30.960Z] [unzip] Entry: client/favicon-16x16.png (compressed_size=293 bytes, uncompressed_size=293 bytes)
[debug] [2025-07-16T06:54:30.960Z] [unzip] Processing entry: client/favicon-16x16.png
[debug] [2025-07-16T06:54:30.960Z] [unzip] else mkdir: /Users/mauriciosobarzo/.cache/firebase/emulators/ui-v1.15.0/client
[debug] [2025-07-16T06:54:30.960Z] [unzip] Writing file: /Users/mauriciosobarzo/.cache/firebase/emulators/ui-v1.15.0/client/favicon-16x16.png
[debug] [2025-07-16T06:54:30.961Z] [unzip] Entry: client/safari-pinned-tab.svg (compressed_size=1433 bytes, uncompressed_size=2611 bytes)
[debug] [2025-07-16T06:54:30.961Z] [unzip] Processing entry: client/safari-pinned-tab.svg
[debug] [2025-07-16T06:54:30.961Z] [unzip] else mkdir: /Users/mauriciosobarzo/.cache/firebase/emulators/ui-v1.15.0/client
[debug] [2025-07-16T06:54:30.961Z] [unzip] deflating: /Users/mauriciosobarzo/.cache/firebase/emulators/ui-v1.15.0/client/safari-pinned-tab.svg
[debug] [2025-07-16T06:54:30.963Z] [unzip] Entry: client/favicon.ico (compressed_size=2933 bytes, uncompressed_size=13294 bytes)
[debug] [2025-07-16T06:54:30.963Z] [unzip] Processing entry: client/favicon.ico
[debug] [2025-07-16T06:54:30.963Z] [unzip] else mkdir: /Users/mauriciosobarzo/.cache/firebase/emulators/ui-v1.15.0/client
[debug] [2025-07-16T06:54:30.964Z] [unzip] deflating: /Users/mauriciosobarzo/.cache/firebase/emulators/ui-v1.15.0/client/favicon.ico
[debug] [2025-07-16T06:54:30.964Z] [unzip] Entry: client/index.html (compressed_size=1364 bytes, uncompressed_size=3071 bytes)
[debug] [2025-07-16T06:54:30.964Z] [unzip] Processing entry: client/index.html
[debug] [2025-07-16T06:54:30.964Z] [unzip] else mkdir: /Users/mauriciosobarzo/.cache/firebase/emulators/ui-v1.15.0/client
[debug] [2025-07-16T06:54:30.964Z] [unzip] deflating: /Users/mauriciosobarzo/.cache/firebase/emulators/ui-v1.15.0/client/index.html
[debug] [2025-07-16T06:54:30.965Z] [unzip] Entry: client/android-chrome-192x192.png (compressed_size=2684 bytes, uncompressed_size=2684 bytes)
[debug] [2025-07-16T06:54:30.965Z] [unzip] Processing entry: client/android-chrome-192x192.png
[debug] [2025-07-16T06:54:30.965Z] [unzip] else mkdir: /Users/mauriciosobarzo/.cache/firebase/emulators/ui-v1.15.0/client
[debug] [2025-07-16T06:54:30.965Z] [unzip] Writing file: /Users/mauriciosobarzo/.cache/firebase/emulators/ui-v1.15.0/client/android-chrome-192x192.png
[debug] [2025-07-16T06:54:30.965Z] [unzip] Entry: client/apple-touch-icon.png (compressed_size=2123 bytes, uncompressed_size=2152 bytes)
[debug] [2025-07-16T06:54:30.965Z] [unzip] Processing entry: client/apple-touch-icon.png
[debug] [2025-07-16T06:54:30.965Z] [unzip] else mkdir: /Users/mauriciosobarzo/.cache/firebase/emulators/ui-v1.15.0/client
[debug] [2025-07-16T06:54:30.965Z] [unzip] deflating: /Users/mauriciosobarzo/.cache/firebase/emulators/ui-v1.15.0/client/apple-touch-icon.png
[debug] [2025-07-16T06:54:30.966Z] [unzip] Entry: client/android-chrome-512x512.png (compressed_size=5369 bytes, uncompressed_size=5411 bytes)
[debug] [2025-07-16T06:54:30.966Z] [unzip] Processing entry: client/android-chrome-512x512.png
[debug] [2025-07-16T06:54:30.966Z] [unzip] else mkdir: /Users/mauriciosobarzo/.cache/firebase/emulators/ui-v1.15.0/client
[debug] [2025-07-16T06:54:30.966Z] [unzip] deflating: /Users/mauriciosobarzo/.cache/firebase/emulators/ui-v1.15.0/client/android-chrome-512x512.png
[debug] [2025-07-16T06:54:30.966Z] [unzip] Entry: client/manifest.json (compressed_size=245 bytes, uncompressed_size=551 bytes)
[debug] [2025-07-16T06:54:30.966Z] [unzip] Processing entry: client/manifest.json
[debug] [2025-07-16T06:54:30.966Z] [unzip] else mkdir: /Users/mauriciosobarzo/.cache/firebase/emulators/ui-v1.15.0/client
[debug] [2025-07-16T06:54:30.967Z] [unzip] deflating: /Users/mauriciosobarzo/.cache/firebase/emulators/ui-v1.15.0/client/manifest.json
[debug] [2025-07-16T06:54:30.967Z] [unzip] Entry: client/robots.txt (compressed_size=26 bytes, uncompressed_size=26 bytes)
[debug] [2025-07-16T06:54:30.967Z] [unzip] Processing entry: client/robots.txt
[debug] [2025-07-16T06:54:30.967Z] [unzip] else mkdir: /Users/mauriciosobarzo/.cache/firebase/emulators/ui-v1.15.0/client
[debug] [2025-07-16T06:54:30.967Z] [unzip] Writing file: /Users/mauriciosobarzo/.cache/firebase/emulators/ui-v1.15.0/client/robots.txt
[debug] [2025-07-16T06:54:30.967Z] [unzip] Entry: client/mstile-150x150.png (compressed_size=2034 bytes, uncompressed_size=2034 bytes)
[debug] [2025-07-16T06:54:30.967Z] [unzip] Processing entry: client/mstile-150x150.png
[debug] [2025-07-16T06:54:30.967Z] [unzip] else mkdir: /Users/mauriciosobarzo/.cache/firebase/emulators/ui-v1.15.0/client
[debug] [2025-07-16T06:54:30.967Z] [unzip] Writing file: /Users/mauriciosobarzo/.cache/firebase/emulators/ui-v1.15.0/client/mstile-150x150.png
[debug] [2025-07-16T06:54:30.967Z] [unzip] Entry: client/assets/ (compressed_size=0 bytes, uncompressed_size=0 bytes)
[debug] [2025-07-16T06:54:30.968Z] [unzip] Processing entry: client/assets/
[debug] [2025-07-16T06:54:30.968Z] [unzip] mkdir: /Users/mauriciosobarzo/.cache/firebase/emulators/ui-v1.15.0/client/assets/
[debug] [2025-07-16T06:54:30.968Z] [unzip] Entry: client/assets/index-BX-A56oj.js (compressed_size=582089 bytes, uncompressed_size=2092775 bytes)
[debug] [2025-07-16T06:54:30.968Z] [unzip] Processing entry: client/assets/index-BX-A56oj.js
[debug] [2025-07-16T06:54:30.968Z] [unzip] else mkdir: /Users/mauriciosobarzo/.cache/firebase/emulators/ui-v1.15.0/client/assets
[debug] [2025-07-16T06:54:30.968Z] [unzip] deflating: /Users/mauriciosobarzo/.cache/firebase/emulators/ui-v1.15.0/client/assets/index-BX-A56oj.js
[debug] [2025-07-16T06:54:30.975Z] [unzip] Entry: client/assets/index-CjB9C900.css (compressed_size=35979 bytes, uncompressed_size=298654 bytes)
[debug] [2025-07-16T06:54:30.975Z] [unzip] Processing entry: client/assets/index-CjB9C900.css
[debug] [2025-07-16T06:54:30.975Z] [unzip] else mkdir: /Users/mauriciosobarzo/.cache/firebase/emulators/ui-v1.15.0/client/assets
[debug] [2025-07-16T06:54:30.975Z] [unzip] deflating: /Users/mauriciosobarzo/.cache/firebase/emulators/ui-v1.15.0/client/assets/index-CjB9C900.css
[debug] [2025-07-16T06:54:30.976Z] [unzip] Entry: client/assets/index-BX-A56oj.js.map (compressed_size=2362482 bytes, uncompressed_size=10036679 bytes)
[debug] [2025-07-16T06:54:30.976Z] [unzip] Processing entry: client/assets/index-BX-A56oj.js.map
[debug] [2025-07-16T06:54:30.977Z] [unzip] else mkdir: /Users/mauriciosobarzo/.cache/firebase/emulators/ui-v1.15.0/client/assets
[debug] [2025-07-16T06:54:30.977Z] [unzip] deflating: /Users/mauriciosobarzo/.cache/firebase/emulators/ui-v1.15.0/client/assets/index-BX-A56oj.js.map
[debug] [2025-07-16T06:54:31.006Z] [unzip] Entry: client/assets/extensions/ (compressed_size=0 bytes, uncompressed_size=0 bytes)
[debug] [2025-07-16T06:54:31.006Z] [unzip] Processing entry: client/assets/extensions/
[debug] [2025-07-16T06:54:31.006Z] [unzip] mkdir: /Users/mauriciosobarzo/.cache/firebase/emulators/ui-v1.15.0/client/assets/extensions/
[debug] [2025-07-16T06:54:31.006Z] [unzip] Entry: client/assets/extensions/default-extension.png (compressed_size=1646 bytes, uncompressed_size=1657 bytes)
[debug] [2025-07-16T06:54:31.006Z] [unzip] Processing entry: client/assets/extensions/default-extension.png
[debug] [2025-07-16T06:54:31.006Z] [unzip] else mkdir: /Users/mauriciosobarzo/.cache/firebase/emulators/ui-v1.15.0/client/assets/extensions
[debug] [2025-07-16T06:54:31.006Z] [unzip] deflating: /Users/mauriciosobarzo/.cache/firebase/emulators/ui-v1.15.0/client/assets/extensions/default-extension.png
[debug] [2025-07-16T06:54:31.007Z] [unzip] Entry: client/assets/img/ (compressed_size=0 bytes, uncompressed_size=0 bytes)
[debug] [2025-07-16T06:54:31.007Z] [unzip] Processing entry: client/assets/img/
[debug] [2025-07-16T06:54:31.007Z] [unzip] mkdir: /Users/mauriciosobarzo/.cache/firebase/emulators/ui-v1.15.0/client/assets/img/
[debug] [2025-07-16T06:54:31.007Z] [unzip] Entry: client/assets/img/database.png (compressed_size=29449 bytes, uncompressed_size=29988 bytes)
[debug] [2025-07-16T06:54:31.007Z] [unzip] Processing entry: client/assets/img/database.png
[debug] [2025-07-16T06:54:31.007Z] [unzip] else mkdir: /Users/mauriciosobarzo/.cache/firebase/emulators/ui-v1.15.0/client/assets/img
[debug] [2025-07-16T06:54:31.007Z] [unzip] deflating: /Users/mauriciosobarzo/.cache/firebase/emulators/ui-v1.15.0/client/assets/img/database.png
[debug] [2025-07-16T06:54:31.008Z] [unzip] Entry: client/assets/provider-icons/ (compressed_size=0 bytes, uncompressed_size=0 bytes)
[debug] [2025-07-16T06:54:31.008Z] [unzip] Processing entry: client/assets/provider-icons/
[debug] [2025-07-16T06:54:31.008Z] [unzip] mkdir: /Users/mauriciosobarzo/.cache/firebase/emulators/ui-v1.15.0/client/assets/provider-icons/
[debug] [2025-07-16T06:54:31.008Z] [unzip] Entry: client/assets/provider-icons/auth_service_saml.svg (compressed_size=575 bytes, uncompressed_size=1226 bytes)
[debug] [2025-07-16T06:54:31.008Z] [unzip] Processing entry: client/assets/provider-icons/auth_service_saml.svg
[debug] [2025-07-16T06:54:31.008Z] [unzip] else mkdir: /Users/mauriciosobarzo/.cache/firebase/emulators/ui-v1.15.0/client/assets/provider-icons
[debug] [2025-07-16T06:54:31.008Z] [unzip] deflating: /Users/mauriciosobarzo/.cache/firebase/emulators/ui-v1.15.0/client/assets/provider-icons/auth_service_saml.svg
[debug] [2025-07-16T06:54:31.009Z] [unzip] Entry: client/assets/provider-icons/auth_service_phone.svg (compressed_size=261 bytes, uncompressed_size=414 bytes)
[debug] [2025-07-16T06:54:31.009Z] [unzip] Processing entry: client/assets/provider-icons/auth_service_phone.svg
[debug] [2025-07-16T06:54:31.009Z] [unzip] else mkdir: /Users/mauriciosobarzo/.cache/firebase/emulators/ui-v1.15.0/client/assets/provider-icons
[debug] [2025-07-16T06:54:31.009Z] [unzip] deflating: /Users/mauriciosobarzo/.cache/firebase/emulators/ui-v1.15.0/client/assets/provider-icons/auth_service_phone.svg
[debug] [2025-07-16T06:54:31.010Z] [unzip] Entry: client/assets/provider-icons/auth_service_facebook.svg (compressed_size=289 bytes, uncompressed_size=457 bytes)
[debug] [2025-07-16T06:54:31.010Z] [unzip] Processing entry: client/assets/provider-icons/auth_service_facebook.svg
[debug] [2025-07-16T06:54:31.010Z] [unzip] else mkdir: /Users/mauriciosobarzo/.cache/firebase/emulators/ui-v1.15.0/client/assets/provider-icons
[debug] [2025-07-16T06:54:31.010Z] [unzip] deflating: /Users/mauriciosobarzo/.cache/firebase/emulators/ui-v1.15.0/client/assets/provider-icons/auth_service_facebook.svg
[debug] [2025-07-16T06:54:31.010Z] [unzip] Entry: client/assets/provider-icons/auth_service_game_center.svg (compressed_size=991 bytes, uncompressed_size=3921 bytes)
[debug] [2025-07-16T06:54:31.010Z] [unzip] Processing entry: client/assets/provider-icons/auth_service_game_center.svg
[debug] [2025-07-16T06:54:31.010Z] [unzip] else mkdir: /Users/mauriciosobarzo/.cache/firebase/emulators/ui-v1.15.0/client/assets/provider-icons
[debug] [2025-07-16T06:54:31.010Z] [unzip] deflating: /Users/mauriciosobarzo/.cache/firebase/emulators/ui-v1.15.0/client/assets/provider-icons/auth_service_game_center.svg
[debug] [2025-07-16T06:54:31.010Z] [unzip] Entry: client/assets/provider-icons/auth_service_apple.svg (compressed_size=230 bytes, uncompressed_size=334 bytes)
[debug] [2025-07-16T06:54:31.010Z] [unzip] Processing entry: client/assets/provider-icons/auth_service_apple.svg
[debug] [2025-07-16T06:54:31.010Z] [unzip] else mkdir: /Users/mauriciosobarzo/.cache/firebase/emulators/ui-v1.15.0/client/assets/provider-icons
[debug] [2025-07-16T06:54:31.010Z] [unzip] deflating: /Users/mauriciosobarzo/.cache/firebase/emulators/ui-v1.15.0/client/assets/provider-icons/auth_service_apple.svg
[debug] [2025-07-16T06:54:31.011Z] [unzip] Entry: client/assets/provider-icons/auth_service_github.svg (compressed_size=466 bytes, uncompressed_size=838 bytes)
[debug] [2025-07-16T06:54:31.011Z] [unzip] Processing entry: client/assets/provider-icons/auth_service_github.svg
[debug] [2025-07-16T06:54:31.011Z] [unzip] else mkdir: /Users/mauriciosobarzo/.cache/firebase/emulators/ui-v1.15.0/client/assets/provider-icons
[debug] [2025-07-16T06:54:31.011Z] [unzip] deflating: /Users/mauriciosobarzo/.cache/firebase/emulators/ui-v1.15.0/client/assets/provider-icons/auth_service_github.svg
[debug] [2025-07-16T06:54:31.011Z] [unzip] Entry: client/assets/provider-icons/auth_service_mslive.svg (compressed_size=203 bytes, uncompressed_size=378 bytes)
[debug] [2025-07-16T06:54:31.011Z] [unzip] Processing entry: client/assets/provider-icons/auth_service_mslive.svg
[debug] [2025-07-16T06:54:31.011Z] [unzip] else mkdir: /Users/mauriciosobarzo/.cache/firebase/emulators/ui-v1.15.0/client/assets/provider-icons
[debug] [2025-07-16T06:54:31.011Z] [unzip] deflating: /Users/mauriciosobarzo/.cache/firebase/emulators/ui-v1.15.0/client/assets/provider-icons/auth_service_mslive.svg
[debug] [2025-07-16T06:54:31.011Z] [unzip] Entry: client/assets/provider-icons/auth_service_yahoo.svg (compressed_size=577 bytes, uncompressed_size=1182 bytes)
[debug] [2025-07-16T06:54:31.011Z] [unzip] Processing entry: client/assets/provider-icons/auth_service_yahoo.svg
[debug] [2025-07-16T06:54:31.011Z] [unzip] else mkdir: /Users/mauriciosobarzo/.cache/firebase/emulators/ui-v1.15.0/client/assets/provider-icons
[debug] [2025-07-16T06:54:31.011Z] [unzip] deflating: /Users/mauriciosobarzo/.cache/firebase/emulators/ui-v1.15.0/client/assets/provider-icons/auth_service_yahoo.svg
[debug] [2025-07-16T06:54:31.012Z] [unzip] Entry: client/assets/provider-icons/auth_service_twitter.svg (compressed_size=444 bytes, uncompressed_size=751 bytes)
[debug] [2025-07-16T06:54:31.012Z] [unzip] Processing entry: client/assets/provider-icons/auth_service_twitter.svg
[debug] [2025-07-16T06:54:31.012Z] [unzip] else mkdir: /Users/mauriciosobarzo/.cache/firebase/emulators/ui-v1.15.0/client/assets/provider-icons
[debug] [2025-07-16T06:54:31.012Z] [unzip] deflating: /Users/mauriciosobarzo/.cache/firebase/emulators/ui-v1.15.0/client/assets/provider-icons/auth_service_twitter.svg
[debug] [2025-07-16T06:54:31.012Z] [unzip] Entry: client/assets/provider-icons/auth_service_play_games.svg (compressed_size=565 bytes, uncompressed_size=1173 bytes)
[debug] [2025-07-16T06:54:31.012Z] [unzip] Processing entry: client/assets/provider-icons/auth_service_play_games.svg
[debug] [2025-07-16T06:54:31.012Z] [unzip] else mkdir: /Users/mauriciosobarzo/.cache/firebase/emulators/ui-v1.15.0/client/assets/provider-icons
[debug] [2025-07-16T06:54:31.012Z] [unzip] deflating: /Users/mauriciosobarzo/.cache/firebase/emulators/ui-v1.15.0/client/assets/provider-icons/auth_service_play_games.svg
[debug] [2025-07-16T06:54:31.013Z] [unzip] Entry: client/assets/provider-icons/auth_service_email.svg (compressed_size=228 bytes, uncompressed_size=326 bytes)
[debug] [2025-07-16T06:54:31.013Z] [unzip] Processing entry: client/assets/provider-icons/auth_service_email.svg
[debug] [2025-07-16T06:54:31.013Z] [unzip] else mkdir: /Users/mauriciosobarzo/.cache/firebase/emulators/ui-v1.15.0/client/assets/provider-icons
[debug] [2025-07-16T06:54:31.013Z] [unzip] deflating: /Users/mauriciosobarzo/.cache/firebase/emulators/ui-v1.15.0/client/assets/provider-icons/auth_service_email.svg
[debug] [2025-07-16T06:54:31.013Z] [unzip] Entry: client/assets/provider-icons/auth_service_google.svg (compressed_size=409 bytes, uncompressed_size=720 bytes)
[debug] [2025-07-16T06:54:31.013Z] [unzip] Processing entry: client/assets/provider-icons/auth_service_google.svg
[debug] [2025-07-16T06:54:31.013Z] [unzip] else mkdir: /Users/mauriciosobarzo/.cache/firebase/emulators/ui-v1.15.0/client/assets/provider-icons
[debug] [2025-07-16T06:54:31.013Z] [unzip] deflating: /Users/mauriciosobarzo/.cache/firebase/emulators/ui-v1.15.0/client/assets/provider-icons/auth_service_google.svg
[debug] [2025-07-16T06:54:31.013Z] [unzip] Entry: client/assets/provider-icons/auth_service_oidc.svg (compressed_size=414 bytes, uncompressed_size=858 bytes)
[debug] [2025-07-16T06:54:31.013Z] [unzip] Processing entry: client/assets/provider-icons/auth_service_oidc.svg
[debug] [2025-07-16T06:54:31.013Z] [unzip] else mkdir: /Users/mauriciosobarzo/.cache/firebase/emulators/ui-v1.15.0/client/assets/provider-icons
[debug] [2025-07-16T06:54:31.013Z] [unzip] deflating: /Users/mauriciosobarzo/.cache/firebase/emulators/ui-v1.15.0/client/assets/provider-icons/auth_service_oidc.svg
[debug] [2025-07-16T06:54:31.014Z] [unzip] Entry: client/browserconfig.xml (compressed_size=491 bytes, uncompressed_size=822 bytes)
[debug] [2025-07-16T06:54:31.014Z] [unzip] Processing entry: client/browserconfig.xml
[debug] [2025-07-16T06:54:31.014Z] [unzip] else mkdir: /Users/mauriciosobarzo/.cache/firebase/emulators/ui-v1.15.0/client
[debug] [2025-07-16T06:54:31.014Z] [unzip] deflating: /Users/mauriciosobarzo/.cache/firebase/emulators/ui-v1.15.0/client/browserconfig.xml
[debug] [2025-07-16T06:54:31.014Z] [unzip] Entry: client/favicon-32x32.png (compressed_size=475 bytes, uncompressed_size=475 bytes)
[debug] [2025-07-16T06:54:31.014Z] [unzip] Processing entry: client/favicon-32x32.png
[debug] [2025-07-16T06:54:31.014Z] [unzip] else mkdir: /Users/mauriciosobarzo/.cache/firebase/emulators/ui-v1.15.0/client
[debug] [2025-07-16T06:54:31.014Z] [unzip] Writing file: /Users/mauriciosobarzo/.cache/firebase/emulators/ui-v1.15.0/client/favicon-32x32.png
[debug] [2025-07-16T06:54:31.014Z] [unzip] Entry: server/ (compressed_size=0 bytes, uncompressed_size=0 bytes)
[debug] [2025-07-16T06:54:31.014Z] [unzip] Processing entry: server/
[debug] [2025-07-16T06:54:31.014Z] [unzip] mkdir: /Users/mauriciosobarzo/.cache/firebase/emulators/ui-v1.15.0/server/
[debug] [2025-07-16T06:54:31.015Z] [unzip] Entry: server/server.mjs.map (compressed_size=217845 bytes, uncompressed_size=944978 bytes)
[debug] [2025-07-16T06:54:31.015Z] [unzip] Processing entry: server/server.mjs.map
[debug] [2025-07-16T06:54:31.015Z] [unzip] else mkdir: /Users/mauriciosobarzo/.cache/firebase/emulators/ui-v1.15.0/server
[debug] [2025-07-16T06:54:31.015Z] [unzip] deflating: /Users/mauriciosobarzo/.cache/firebase/emulators/ui-v1.15.0/server/server.mjs.map
[debug] [2025-07-16T06:54:31.017Z] [unzip] Entry: server/server.mjs (compressed_size=276407 bytes, uncompressed_size=933701 bytes)
[debug] [2025-07-16T06:54:31.017Z] [unzip] Processing entry: server/server.mjs
[debug] [2025-07-16T06:54:31.017Z] [unzip] else mkdir: /Users/mauriciosobarzo/.cache/firebase/emulators/ui-v1.15.0/server
[debug] [2025-07-16T06:54:31.017Z] [unzip] deflating: /Users/mauriciosobarzo/.cache/firebase/emulators/ui-v1.15.0/server/server.mjs
[info] i  ui: Removing outdated emulator files: ui-v1.14.0 {"metadata":{"emulator":{"name":"ui"},"message":"Removing outdated emulator files: ui-v1.14.0"}}
[info] i  ui: Removing outdated emulator files: ui-v1.14.0.zip {"metadata":{"emulator":{"name":"ui"},"message":"Removing outdated emulator files: ui-v1.14.0.zip"}}
[debug] [2025-07-16T06:54:31.033Z] Could not find VSCode notification endpoint: FetchError: request to http://localhost:40001/vscode/notify failed, reason: . If you are not running the Firebase Data Connect VSCode extension, this is expected and not an issue.
[info] 
┌─────────────────────────────────────────────────────────────┐
│ ✔  All emulators ready! It is now safe to connect your app. │
│ i  View Emulator UI at http://127.0.0.1:4000/               │
└─────────────────────────────────────────────────────────────┘

┌───────────┬────────────────┬─────────────────────────────────┐
│ Emulator  │ Host:Port      │ View in Emulator UI             │
├───────────┼────────────────┼─────────────────────────────────┤
│ Firestore │ 127.0.0.1:8080 │ http://127.0.0.1:4000/firestore │
└───────────┴────────────────┴─────────────────────────────────┘
  Emulator Hub host: 127.0.0.1 port: 4400
  Other reserved ports: 4500, 9150

Issues? Report them at https://github.com/firebase/firebase-tools/issues and attach the *-debug.log files.
 
[debug] [2025-07-16T06:54:38.942Z] Jul 16, 2025 8:54:38 AM io.gapi.emulators.netty.HttpVersionRoutingHandler channelRead
INFO: Detected HTTP/2 connection.
 {"metadata":{"emulator":{"name":"firestore"},"message":"Jul 16, 2025 8:54:38 AM io.gapi.emulators.netty.HttpVersionRoutingHandler channelRead\nINFO: Detected HTTP/2 connection.\n"}}
[debug] [2025-07-16T06:58:26.273Z] Jul 16, 2025 8:58:26 AM io.gapi.emulators.netty.HttpVersionRoutingHandler channelRead
INFO: Detected HTTP/2 connection.
Jul 16, 2025 8:58:26 AM io.gapi.emulators.netty.HttpVersionRoutingHandler channelRead
INFO: Detected HTTP/2 connection.
 {"metadata":{"emulator":{"name":"firestore"},"message":"Jul 16, 2025 8:58:26 AM io.gapi.emulators.netty.HttpVersionRoutingHandler channelRead\nINFO: Detected HTTP/2 connection.\nJul 16, 2025 8:58:26 AM io.gapi.emulators.netty.HttpVersionRoutingHandler channelRead\nINFO: Detected HTTP/2 connection.\n"}}
[debug] [2025-07-16T06:59:40.904Z] Jul 16, 2025 8:59:40 AM io.gapi.emulators.netty.HttpVersionRoutingHandler channelRead
INFO: Detected HTTP/2 connection.
 {"metadata":{"emulator":{"name":"firestore"},"message":"Jul 16, 2025 8:59:40 AM io.gapi.emulators.netty.HttpVersionRoutingHandler channelRead\nINFO: Detected HTTP/2 connection.\n"}}
